[1.544s] Invoking command in '/home/red/ros2_ws/src/my_robot_controller': PYTHONPATH=/home/red/ros2_ws/build/my_robot_controller/prefix_override:/home/red/ros2_ws/install/my_robot_controller/lib/python3.10/site-packages:${PYTHONPATH} /usr/bin/python3 setup.py egg_info --egg-base ../../build/my_robot_controller build --build-base /home/red/ros2_ws/build/my_robot_controller/build install --record /home/red/ros2_ws/build/my_robot_controller/install.log --single-version-externally-managed
[2.103s] running egg_info
[2.104s] creating ../../build/my_robot_controller/my_robot_controller.egg-info
[2.124s] writing ../../build/my_robot_controller/my_robot_controller.egg-info/PKG-INFO
[2.125s] writing dependency_links to ../../build/my_robot_controller/my_robot_controller.egg-info/dependency_links.txt
[2.125s] writing requirements to ../../build/my_robot_controller/my_robot_controller.egg-info/requires.txt
[2.126s] writing top-level names to ../../build/my_robot_controller/my_robot_controller.egg-info/top_level.txt
[2.126s] writing manifest file '../../build/my_robot_controller/my_robot_controller.egg-info/SOURCES.txt'
[2.182s] reading manifest file '../../build/my_robot_controller/my_robot_controller.egg-info/SOURCES.txt'
[2.183s] writing manifest file '../../build/my_robot_controller/my_robot_controller.egg-info/SOURCES.txt'
[2.184s] running build
[2.184s] running build_py
[2.184s] creating /home/red/ros2_ws/build/my_robot_controller/build
[2.184s] creating /home/red/ros2_ws/build/my_robot_controller/build/lib
[2.184s] creating /home/red/ros2_ws/build/my_robot_controller/build/lib/my_robot_controller
[2.185s] copying my_robot_controller/__init__.py -> /home/red/ros2_ws/build/my_robot_controller/build/lib/my_robot_controller
[2.185s] running install
[2.187s] /home/red/.local/lib/python3.10/site-packages/setuptools/command/install.py:34: SetuptoolsDeprecationWarning: setup.py install is deprecated. Use build and pip and other standards-based tools.
[2.187s]   warnings.warn(
[2.196s] running install_lib
[2.217s] creating /home/red/ros2_ws/install/my_robot_controller/lib/python3.10/site-packages/my_robot_controller
[2.217s] copying /home/red/ros2_ws/build/my_robot_controller/build/lib/my_robot_controller/__init__.py -> /home/red/ros2_ws/install/my_robot_controller/lib/python3.10/site-packages/my_robot_controller
[2.218s] byte-compiling /home/red/ros2_ws/install/my_robot_controller/lib/python3.10/site-packages/my_robot_controller/__init__.py to __init__.cpython-310.pyc
[2.218s] running install_data
[2.240s] creating /home/red/ros2_ws/install/my_robot_controller/share/ament_index
[2.241s] creating /home/red/ros2_ws/install/my_robot_controller/share/ament_index/resource_index
[2.241s] creating /home/red/ros2_ws/install/my_robot_controller/share/ament_index/resource_index/packages
[2.241s] copying resource/my_robot_controller -> /home/red/ros2_ws/install/my_robot_controller/share/ament_index/resource_index/packages
[2.241s] copying package.xml -> /home/red/ros2_ws/install/my_robot_controller/share/my_robot_controller
[2.241s] running install_egg_info
[2.266s] Copying ../../build/my_robot_controller/my_robot_controller.egg-info to /home/red/ros2_ws/install/my_robot_controller/lib/python3.10/site-packages/my_robot_controller-0.0.0-py3.10.egg-info
[2.267s] running install_scripts
[2.353s] writing list of installed files to '/home/red/ros2_ws/build/my_robot_controller/install.log'
[2.416s] Invoked command in '/home/red/ros2_ws/src/my_robot_controller' returned '0': PYTHONPATH=/home/red/ros2_ws/build/my_robot_controller/prefix_override:/home/red/ros2_ws/install/my_robot_controller/lib/python3.10/site-packages:${PYTHONPATH} /usr/bin/python3 setup.py egg_info --egg-base ../../build/my_robot_controller build --build-base /home/red/ros2_ws/build/my_robot_controller/build install --record /home/red/ros2_ws/build/my_robot_controller/install.log --single-version-externally-managed
