[0.420s] Invoking command in '/home/moveon2/rosWorkSpace/ros2_ws/src/my_py_pkg': PYTHONPATH=/home/moveon2/rosWorkSpace/ros2_ws/build/my_py_pkg/prefix_override:/home/moveon2/rosWorkSpace/ros2_ws/install/my_py_pkg/lib/python3.10/site-packages:${PYTHONPATH} /usr/bin/python3 setup.py egg_info --egg-base ../../build/my_py_pkg build --build-base /home/moveon2/rosWorkSpace/ros2_ws/build/my_py_pkg/build install --record /home/moveon2/rosWorkSpace/ros2_ws/build/my_py_pkg/install.log --single-version-externally-managed
[0.570s] running egg_info
[0.570s] writing ../../build/my_py_pkg/my_py_pkg.egg-info/PKG-INFO
[0.570s] writing dependency_links to ../../build/my_py_pkg/my_py_pkg.egg-info/dependency_links.txt
[0.570s] writing entry points to ../../build/my_py_pkg/my_py_pkg.egg-info/entry_points.txt
[0.570s] writing requirements to ../../build/my_py_pkg/my_py_pkg.egg-info/requires.txt
[0.570s] writing top-level names to ../../build/my_py_pkg/my_py_pkg.egg-info/top_level.txt
[0.571s] reading manifest file '../../build/my_py_pkg/my_py_pkg.egg-info/SOURCES.txt'
[0.572s] writing manifest file '../../build/my_py_pkg/my_py_pkg.egg-info/SOURCES.txt'
[0.572s] running build
[0.572s] running build_py
[0.572s] copying my_py_pkg/my_first_node.py -> /home/moveon2/rosWorkSpace/ros2_ws/build/my_py_pkg/build/lib/my_py_pkg
[0.572s] running install
[0.572s] running install_lib
[0.573s] copying /home/moveon2/rosWorkSpace/ros2_ws/build/my_py_pkg/build/lib/my_py_pkg/my_first_node.py -> /home/moveon2/rosWorkSpace/ros2_ws/install/my_py_pkg/lib/python3.10/site-packages/my_py_pkg
[0.573s] byte-compiling /home/moveon2/rosWorkSpace/ros2_ws/install/my_py_pkg/lib/python3.10/site-packages/my_py_pkg/my_first_node.py to my_first_node.cpython-310.pyc
[0.573s] running install_data
[0.574s] running install_egg_info
[0.575s] removing '/home/moveon2/rosWorkSpace/ros2_ws/install/my_py_pkg/lib/python3.10/site-packages/my_py_pkg-0.0.0-py3.10.egg-info' (and everything under it)
[0.575s] Copying ../../build/my_py_pkg/my_py_pkg.egg-info to /home/moveon2/rosWorkSpace/ros2_ws/install/my_py_pkg/lib/python3.10/site-packages/my_py_pkg-0.0.0-py3.10.egg-info
[0.575s] running install_scripts
[0.587s] Installing py_node script to /home/moveon2/rosWorkSpace/ros2_ws/install/my_py_pkg/lib/my_py_pkg
[0.587s] writing list of installed files to '/home/moveon2/rosWorkSpace/ros2_ws/build/my_py_pkg/install.log'
[0.601s] Invoked command in '/home/moveon2/rosWorkSpace/ros2_ws/src/my_py_pkg' returned '0': PYTHONPATH=/home/moveon2/rosWorkSpace/ros2_ws/build/my_py_pkg/prefix_override:/home/moveon2/rosWorkSpace/ros2_ws/install/my_py_pkg/lib/python3.10/site-packages:${PYTHONPATH} /usr/bin/python3 setup.py egg_info --egg-base ../../build/my_py_pkg build --build-base /home/moveon2/rosWorkSpace/ros2_ws/build/my_py_pkg/build install --record /home/moveon2/rosWorkSpace/ros2_ws/build/my_py_pkg/install.log --single-version-externally-managed
