[1.074s] Invoking command in '/home/red/Projects/ROS-2-Tutorial/ros2_ws/build/my_robot_controller': PYTHONPATH=/home/red/Projects/ROS-2-Tutorial/ros2_ws/build/my_robot_controller/prefix_override:/home/red/Projects/ROS-2-Tutorial/ros2_ws/install/my_robot_controller/lib/python3.10/site-packages:${PYTHONPATH} /usr/bin/python3 setup.py develop --uninstall --editable --build-directory /home/red/Projects/ROS-2-Tutorial/ros2_ws/build/my_robot_controller/build
[1.518s] running develop
[1.925s] Removing /home/red/Projects/ROS-2-Tutorial/ros2_ws/install/my_robot_controller/lib/python3.10/site-packages/my-robot-controller.egg-link (link to .)
[1.925s] Link points to ['/home/red/ros2_ws/build/my_robot_controller', '.']: uninstall aborted
[1.978s] Invoked command in '/home/red/Projects/ROS-2-Tutorial/ros2_ws/build/my_robot_controller' returned '0': PYTHONPATH=/home/red/Projects/ROS-2-Tutorial/ros2_ws/build/my_robot_controller/prefix_override:/home/red/Projects/ROS-2-Tutorial/ros2_ws/install/my_robot_controller/lib/python3.10/site-packages:${PYTHONPATH} /usr/bin/python3 setup.py develop --uninstall --editable --build-directory /home/red/Projects/ROS-2-Tutorial/ros2_ws/build/my_robot_controller/build
[1.981s] Invoking command in '/home/red/Projects/ROS-2-Tutorial/ros2_ws/src/my_robot_controller': PYTHONPATH=/home/red/Projects/ROS-2-Tutorial/ros2_ws/build/my_robot_controller/prefix_override:/home/red/Projects/ROS-2-Tutorial/ros2_ws/install/my_robot_controller/lib/python3.10/site-packages:${PYTHONPATH} /usr/bin/python3 setup.py egg_info --egg-base ../../build/my_robot_controller build --build-base /home/red/Projects/ROS-2-Tutorial/ros2_ws/build/my_robot_controller/build install --record /home/red/Projects/ROS-2-Tutorial/ros2_ws/build/my_robot_controller/install.log --single-version-externally-managed
[2.402s] running egg_info
[2.403s] writing ../../build/my_robot_controller/my_robot_controller.egg-info/PKG-INFO
[2.404s] writing dependency_links to ../../build/my_robot_controller/my_robot_controller.egg-info/dependency_links.txt
[2.404s] writing entry points to ../../build/my_robot_controller/my_robot_controller.egg-info/entry_points.txt
[2.404s] writing requirements to ../../build/my_robot_controller/my_robot_controller.egg-info/requires.txt
[2.404s] writing top-level names to ../../build/my_robot_controller/my_robot_controller.egg-info/top_level.txt
[2.407s] reading manifest file '../../build/my_robot_controller/my_robot_controller.egg-info/SOURCES.txt'
[2.409s] writing manifest file '../../build/my_robot_controller/my_robot_controller.egg-info/SOURCES.txt'
[2.409s] running build
[2.410s] running build_py
[2.410s] copying my_robot_controller/draw_circle.py -> /home/red/Projects/ROS-2-Tutorial/ros2_ws/build/my_robot_controller/build/lib/my_robot_controller
[2.410s] running install
[2.411s] running install_lib
[2.412s] copying /home/red/Projects/ROS-2-Tutorial/ros2_ws/build/my_robot_controller/build/lib/my_robot_controller/draw_circle.py -> /home/red/Projects/ROS-2-Tutorial/ros2_ws/install/my_robot_controller/lib/python3.10/site-packages/my_robot_controller
[2.413s] byte-compiling /home/red/Projects/ROS-2-Tutorial/ros2_ws/install/my_robot_controller/lib/python3.10/site-packages/my_robot_controller/draw_circle.py to draw_circle.cpython-310.pyc
[2.414s] running install_data
[2.415s] running install_egg_info
[2.419s] removing '/home/red/Projects/ROS-2-Tutorial/ros2_ws/install/my_robot_controller/lib/python3.10/site-packages/my_robot_controller-0.0.0-py3.10.egg-info' (and everything under it)
[2.419s] Copying ../../build/my_robot_controller/my_robot_controller.egg-info to /home/red/Projects/ROS-2-Tutorial/ros2_ws/install/my_robot_controller/lib/python3.10/site-packages/my_robot_controller-0.0.0-py3.10.egg-info
[2.421s] running install_scripts
[2.452s] Installing draw_circle script to /home/red/Projects/ROS-2-Tutorial/ros2_ws/install/my_robot_controller/lib/my_robot_controller
[2.452s] Installing test_node script to /home/red/Projects/ROS-2-Tutorial/ros2_ws/install/my_robot_controller/lib/my_robot_controller
[2.453s] writing list of installed files to '/home/red/Projects/ROS-2-Tutorial/ros2_ws/build/my_robot_controller/install.log'
[2.495s] Invoked command in '/home/red/Projects/ROS-2-Tutorial/ros2_ws/src/my_robot_controller' returned '0': PYTHONPATH=/home/red/Projects/ROS-2-Tutorial/ros2_ws/build/my_robot_controller/prefix_override:/home/red/Projects/ROS-2-Tutorial/ros2_ws/install/my_robot_controller/lib/python3.10/site-packages:${PYTHONPATH} /usr/bin/python3 setup.py egg_info --egg-base ../../build/my_robot_controller build --build-base /home/red/Projects/ROS-2-Tutorial/ros2_ws/build/my_robot_controller/build install --record /home/red/Projects/ROS-2-Tutorial/ros2_ws/build/my_robot_controller/install.log --single-version-externally-managed
