[0.008s] Invoking command in '/home/moveon2/rosWorkSpace/ros2_ws/build/my_cpp_pkg': CMAKE_PREFIX_PATH=${CMAKE_PREFIX_PATH}:/home/moveon2/rosWorkSpace/ros2_ws/install/my_py_pkg:/opt/ros/humble /home/moveon2/.local/bin/cmake --build /home/moveon2/rosWorkSpace/ros2_ws/build/my_cpp_pkg -- -j16 -l16
[0.045s] [ 50%] [32mBuilding CXX object CMakeFiles/cpp_node.dir/src/my_first_node.cpp.o[0m
[1.623s] [100%] [32m[1mLinking CXX executable cpp_node[0m
[1.682s] [100%] Built target cpp_node
[1.687s] Invoked command in '/home/moveon2/rosWorkSpace/ros2_ws/build/my_cpp_pkg' returned '0': CMAKE_PREFIX_PATH=${CMAKE_PREFIX_PATH}:/home/moveon2/rosWorkSpace/ros2_ws/install/my_py_pkg:/opt/ros/humble /home/moveon2/.local/bin/cmake --build /home/moveon2/rosWorkSpace/ros2_ws/build/my_cpp_pkg -- -j16 -l16
[1.740s] Invoking command in '/home/moveon2/rosWorkSpace/ros2_ws/build/my_cpp_pkg': CMAKE_PREFIX_PATH=${CMAKE_PREFIX_PATH}:/home/moveon2/rosWorkSpace/ros2_ws/install/my_py_pkg:/opt/ros/humble /home/moveon2/.local/bin/cmake --install /home/moveon2/rosWorkSpace/ros2_ws/build/my_cpp_pkg
[1.757s] -- Install configuration: ""
[1.757s] -- Installing: /home/moveon2/rosWorkSpace/ros2_ws/install/my_cpp_pkg/lib/my_cpp_pkg/cpp_node
[1.757s] -- Set runtime path of "/home/moveon2/rosWorkSpace/ros2_ws/install/my_cpp_pkg/lib/my_cpp_pkg/cpp_node" to ""
[1.757s] -- Up-to-date: /home/moveon2/rosWorkSpace/ros2_ws/install/my_cpp_pkg/share/ament_index/resource_index/package_run_dependencies/my_cpp_pkg
[1.758s] -- Up-to-date: /home/moveon2/rosWorkSpace/ros2_ws/install/my_cpp_pkg/share/ament_index/resource_index/parent_prefix_path/my_cpp_pkg
[1.758s] -- Up-to-date: /home/moveon2/rosWorkSpace/ros2_ws/install/my_cpp_pkg/share/my_cpp_pkg/environment/ament_prefix_path.sh
[1.758s] -- Up-to-date: /home/moveon2/rosWorkSpace/ros2_ws/install/my_cpp_pkg/share/my_cpp_pkg/environment/ament_prefix_path.dsv
[1.758s] -- Up-to-date: /home/moveon2/rosWorkSpace/ros2_ws/install/my_cpp_pkg/share/my_cpp_pkg/environment/path.sh
[1.758s] -- Up-to-date: /home/moveon2/rosWorkSpace/ros2_ws/install/my_cpp_pkg/share/my_cpp_pkg/environment/path.dsv
[1.758s] -- Up-to-date: /home/moveon2/rosWorkSpace/ros2_ws/install/my_cpp_pkg/share/my_cpp_pkg/local_setup.bash
[1.758s] -- Up-to-date: /home/moveon2/rosWorkSpace/ros2_ws/install/my_cpp_pkg/share/my_cpp_pkg/local_setup.sh
[1.758s] -- Up-to-date: /home/moveon2/rosWorkSpace/ros2_ws/install/my_cpp_pkg/share/my_cpp_pkg/local_setup.zsh
[1.758s] -- Up-to-date: /home/moveon2/rosWorkSpace/ros2_ws/install/my_cpp_pkg/share/my_cpp_pkg/local_setup.dsv
[1.758s] -- Installing: /home/moveon2/rosWorkSpace/ros2_ws/install/my_cpp_pkg/share/my_cpp_pkg/package.dsv
[1.758s] -- Up-to-date: /home/moveon2/rosWorkSpace/ros2_ws/install/my_cpp_pkg/share/ament_index/resource_index/packages/my_cpp_pkg
[1.758s] -- Up-to-date: /home/moveon2/rosWorkSpace/ros2_ws/install/my_cpp_pkg/share/my_cpp_pkg/cmake/my_cpp_pkgConfig.cmake
[1.758s] -- Up-to-date: /home/moveon2/rosWorkSpace/ros2_ws/install/my_cpp_pkg/share/my_cpp_pkg/cmake/my_cpp_pkgConfig-version.cmake
[1.758s] -- Up-to-date: /home/moveon2/rosWorkSpace/ros2_ws/install/my_cpp_pkg/share/my_cpp_pkg/package.xml
[1.763s] Invoked command in '/home/moveon2/rosWorkSpace/ros2_ws/build/my_cpp_pkg' returned '0': CMAKE_PREFIX_PATH=${CMAKE_PREFIX_PATH}:/home/moveon2/rosWorkSpace/ros2_ws/install/my_py_pkg:/opt/ros/humble /home/moveon2/.local/bin/cmake --install /home/moveon2/rosWorkSpace/ros2_ws/build/my_cpp_pkg
