[1.216s] Invoking command in '/home/red/ros2_ws/src/my_robot_controller': PYTHONPATH=/home/red/ros2_ws/build/my_robot_controller/prefix_override:/home/red/ros2_ws/install/my_robot_controller/lib/python3.10/site-packages:${PYTHONPATH} /usr/bin/python3 setup.py egg_info --egg-base ../../build/my_robot_controller build --build-base /home/red/ros2_ws/build/my_robot_controller/build install --record /home/red/ros2_ws/build/my_robot_controller/install.log --single-version-externally-managed
[1.677s] running egg_info
[1.678s] writing ../../build/my_robot_controller/my_robot_controller.egg-info/PKG-INFO
[1.679s] writing dependency_links to ../../build/my_robot_controller/my_robot_controller.egg-info/dependency_links.txt
[1.679s] writing entry points to ../../build/my_robot_controller/my_robot_controller.egg-info/entry_points.txt
[1.679s] writing requirements to ../../build/my_robot_controller/my_robot_controller.egg-info/requires.txt
[1.679s] writing top-level names to ../../build/my_robot_controller/my_robot_controller.egg-info/top_level.txt
[1.682s] reading manifest file '../../build/my_robot_controller/my_robot_controller.egg-info/SOURCES.txt'
[1.683s] writing manifest file '../../build/my_robot_controller/my_robot_controller.egg-info/SOURCES.txt'
[1.683s] running build
[1.684s] running build_py
[1.684s] running install
[1.685s] running install_lib
[1.687s] running install_data
[1.688s] running install_egg_info
[1.691s] removing '/home/red/ros2_ws/install/my_robot_controller/lib/python3.10/site-packages/my_robot_controller-0.0.0-py3.10.egg-info' (and everything under it)
[1.691s] Copying ../../build/my_robot_controller/my_robot_controller.egg-info to /home/red/ros2_ws/install/my_robot_controller/lib/python3.10/site-packages/my_robot_controller-0.0.0-py3.10.egg-info
[1.692s] running install_scripts
[1.724s] writing list of installed files to '/home/red/ros2_ws/build/my_robot_controller/install.log'
[1.775s] Invoked command in '/home/red/ros2_ws/src/my_robot_controller' returned '0': PYTHONPATH=/home/red/ros2_ws/build/my_robot_controller/prefix_override:/home/red/ros2_ws/install/my_robot_controller/lib/python3.10/site-packages:${PYTHONPATH} /usr/bin/python3 setup.py egg_info --egg-base ../../build/my_robot_controller build --build-base /home/red/ros2_ws/build/my_robot_controller/build install --record /home/red/ros2_ws/build/my_robot_controller/install.log --single-version-externally-managed
