[0.445s] Invoking command in '/home/moveon2/rosWorkSpace/ros2_ws/src/my_py_pkg': PYTHONPATH=/home/moveon2/rosWorkSpace/ros2_ws/build/my_py_pkg/prefix_override:/home/moveon2/rosWorkSpace/ros2_ws/install/my_py_pkg/lib/python3.10/site-packages:${PYTHONPATH} /usr/bin/python3 setup.py egg_info --egg-base ../../build/my_py_pkg build --build-base /home/moveon2/rosWorkSpace/ros2_ws/build/my_py_pkg/build install --record /home/moveon2/rosWorkSpace/ros2_ws/build/my_py_pkg/install.log --single-version-externally-managed
[0.602s] running egg_info
[0.602s] writing ../../build/my_py_pkg/my_py_pkg.egg-info/PKG-INFO
[0.602s] writing dependency_links to ../../build/my_py_pkg/my_py_pkg.egg-info/dependency_links.txt
[0.603s] writing entry points to ../../build/my_py_pkg/my_py_pkg.egg-info/entry_points.txt
[0.603s] writing requirements to ../../build/my_py_pkg/my_py_pkg.egg-info/requires.txt
[0.603s] writing top-level names to ../../build/my_py_pkg/my_py_pkg.egg-info/top_level.txt
[0.603s] reading manifest file '../../build/my_py_pkg/my_py_pkg.egg-info/SOURCES.txt'
[0.604s] writing manifest file '../../build/my_py_pkg/my_py_pkg.egg-info/SOURCES.txt'
[0.604s] running build
[0.604s] running build_py
[0.604s] running install
[0.604s] running install_lib
[0.605s] running install_data
[0.605s] running install_egg_info
[0.606s] removing '/home/moveon2/rosWorkSpace/ros2_ws/install/my_py_pkg/lib/python3.10/site-packages/my_py_pkg-0.0.0-py3.10.egg-info' (and everything under it)
[0.606s] Copying ../../build/my_py_pkg/my_py_pkg.egg-info to /home/moveon2/rosWorkSpace/ros2_ws/install/my_py_pkg/lib/python3.10/site-packages/my_py_pkg-0.0.0-py3.10.egg-info
[0.606s] running install_scripts
[0.618s] Installing py_node script to /home/moveon2/rosWorkSpace/ros2_ws/install/my_py_pkg/lib/my_py_pkg
[0.618s] writing list of installed files to '/home/moveon2/rosWorkSpace/ros2_ws/build/my_py_pkg/install.log'
[0.635s] Invoked command in '/home/moveon2/rosWorkSpace/ros2_ws/src/my_py_pkg' returned '0': PYTHONPATH=/home/moveon2/rosWorkSpace/ros2_ws/build/my_py_pkg/prefix_override:/home/moveon2/rosWorkSpace/ros2_ws/install/my_py_pkg/lib/python3.10/site-packages:${PYTHONPATH} /usr/bin/python3 setup.py egg_info --egg-base ../../build/my_py_pkg build --build-base /home/moveon2/rosWorkSpace/ros2_ws/build/my_py_pkg/build install --record /home/moveon2/rosWorkSpace/ros2_ws/build/my_py_pkg/install.log --single-version-externally-managed
