[0.010s] Invoking command in '/home/moveon2/workSpace/ros2_ws/build/my_cpp_pkg': CMAKE_PREFIX_PATH=/opt/ros/humble /home/moveon2/.local/bin/cmake /home/moveon2/workSpace/ros2_ws/src/my_cpp_pkg -DCMAKE_INSTALL_PREFIX=/home/moveon2/workSpace/ros2_ws/install/my_cpp_pkg
[0.094s] -- The C compiler identification is GNU 9.5.0
[0.165s] -- The CXX compiler identification is GNU 11.4.0
[0.174s] -- Detecting C compiler ABI info
[0.211s] -- Detecting C compiler ABI info - done
[0.216s] -- Check for working C compiler: /usr/bin/cc - skipped
[0.216s] -- Detecting C compile features
[0.216s] -- Detecting C compile features - done
[0.219s] -- Detecting CXX compiler ABI info
[0.259s] -- Detecting CXX compiler ABI info - done
[0.264s] -- Check for working CXX compiler: /usr/bin/c++ - skipped
[0.265s] -- Detecting CXX compile features
[0.265s] -- Detecting CXX compile features - done
[0.269s] -- Found ament_cmake: 1.3.5 (/opt/ros/humble/share/ament_cmake/cmake)
[0.490s] -- Found Python3: /usr/bin/python3.10 (found version "3.10.12") found components: Interpreter 
[0.553s] -- Found rclcpp: 16.0.5 (/opt/ros/humble/share/rclcpp/cmake)
[0.589s] -- Found rosidl_generator_c: 3.1.5 (/opt/ros/humble/share/rosidl_generator_c/cmake)
[0.592s] -- Found rosidl_adapter: 3.1.5 (/opt/ros/humble/share/rosidl_adapter/cmake)
[0.600s] -- Found rosidl_generator_cpp: 3.1.5 (/opt/ros/humble/share/rosidl_generator_cpp/cmake)
[0.612s] -- Using all available rosidl_typesupport_c: rosidl_typesupport_fastrtps_c;rosidl_typesupport_introspection_c
[0.626s] -- Using all available rosidl_typesupport_cpp: rosidl_typesupport_fastrtps_cpp;rosidl_typesupport_introspection_cpp
[0.674s] -- Found rmw_implementation_cmake: 6.1.1 (/opt/ros/humble/share/rmw_implementation_cmake/cmake)
[0.676s] -- Found rmw_fastrtps_cpp: 6.2.3 (/opt/ros/humble/share/rmw_fastrtps_cpp/cmake)
[0.735s] -- Found OpenSSL: /usr/local/lib/libcrypto.so (found version "1.1.1f")  
[0.751s] -- Found FastRTPS: /opt/ros/humble/include  
[0.777s] -- Using RMW implementation 'rmw_fastrtps_cpp' as default
[0.785s] -- Performing Test CMAKE_HAVE_LIBC_PTHREAD
[0.842s] -- Performing Test CMAKE_HAVE_LIBC_PTHREAD - Success
[0.844s] -- Found Threads: TRUE  
[0.951s] -- Found ament_lint_auto: 0.12.7 (/opt/ros/humble/share/ament_lint_auto/cmake)
[0.998s] -- Added test 'lint_cmake' to check CMake code style
[0.999s] -- Added test 'xmllint' to check XML markup files
[1.000s] -- Configuring done
[1.002s] -- Generating done
[1.003s] -- Build files have been written to: /home/moveon2/workSpace/ros2_ws/build/my_cpp_pkg
[1.011s] Invoked command in '/home/moveon2/workSpace/ros2_ws/build/my_cpp_pkg' returned '0': CMAKE_PREFIX_PATH=/opt/ros/humble /home/moveon2/.local/bin/cmake /home/moveon2/workSpace/ros2_ws/src/my_cpp_pkg -DCMAKE_INSTALL_PREFIX=/home/moveon2/workSpace/ros2_ws/install/my_cpp_pkg
[1.012s] Invoking command in '/home/moveon2/workSpace/ros2_ws/build/my_cpp_pkg': CMAKE_PREFIX_PATH=/opt/ros/humble /home/moveon2/.local/bin/cmake --build /home/moveon2/workSpace/ros2_ws/build/my_cpp_pkg -- -j16 -l16
[1.040s] Invoked command in '/home/moveon2/workSpace/ros2_ws/build/my_cpp_pkg' returned '0': CMAKE_PREFIX_PATH=/opt/ros/humble /home/moveon2/.local/bin/cmake --build /home/moveon2/workSpace/ros2_ws/build/my_cpp_pkg -- -j16 -l16
[1.085s] Invoking command in '/home/moveon2/workSpace/ros2_ws/build/my_cpp_pkg': CMAKE_PREFIX_PATH=/opt/ros/humble /home/moveon2/.local/bin/cmake --install /home/moveon2/workSpace/ros2_ws/build/my_cpp_pkg
[1.101s] -- Install configuration: ""
[1.101s] -- Installing: /home/moveon2/workSpace/ros2_ws/install/my_cpp_pkg/share/ament_index/resource_index/package_run_dependencies/my_cpp_pkg
[1.101s] -- Installing: /home/moveon2/workSpace/ros2_ws/install/my_cpp_pkg/share/ament_index/resource_index/parent_prefix_path/my_cpp_pkg
[1.101s] -- Installing: /home/moveon2/workSpace/ros2_ws/install/my_cpp_pkg/share/my_cpp_pkg/environment/ament_prefix_path.sh
[1.101s] -- Installing: /home/moveon2/workSpace/ros2_ws/install/my_cpp_pkg/share/my_cpp_pkg/environment/ament_prefix_path.dsv
[1.101s] -- Installing: /home/moveon2/workSpace/ros2_ws/install/my_cpp_pkg/share/my_cpp_pkg/environment/path.sh
[1.101s] -- Installing: /home/moveon2/workSpace/ros2_ws/install/my_cpp_pkg/share/my_cpp_pkg/environment/path.dsv
[1.101s] -- Installing: /home/moveon2/workSpace/ros2_ws/install/my_cpp_pkg/share/my_cpp_pkg/local_setup.bash
[1.102s] -- Installing: /home/moveon2/workSpace/ros2_ws/install/my_cpp_pkg/share/my_cpp_pkg/local_setup.sh
[1.102s] -- Installing: /home/moveon2/workSpace/ros2_ws/install/my_cpp_pkg/share/my_cpp_pkg/local_setup.zsh
[1.102s] -- Installing: /home/moveon2/workSpace/ros2_ws/install/my_cpp_pkg/share/my_cpp_pkg/local_setup.dsv
[1.102s] -- Installing: /home/moveon2/workSpace/ros2_ws/install/my_cpp_pkg/share/my_cpp_pkg/package.dsv
[1.102s] -- Installing: /home/moveon2/workSpace/ros2_ws/install/my_cpp_pkg/share/ament_index/resource_index/packages/my_cpp_pkg
[1.102s] -- Installing: /home/moveon2/workSpace/ros2_ws/install/my_cpp_pkg/share/my_cpp_pkg/cmake/my_cpp_pkgConfig.cmake
[1.102s] -- Installing: /home/moveon2/workSpace/ros2_ws/install/my_cpp_pkg/share/my_cpp_pkg/cmake/my_cpp_pkgConfig-version.cmake
[1.102s] -- Installing: /home/moveon2/workSpace/ros2_ws/install/my_cpp_pkg/share/my_cpp_pkg/package.xml
[1.106s] Invoked command in '/home/moveon2/workSpace/ros2_ws/build/my_cpp_pkg' returned '0': CMAKE_PREFIX_PATH=/opt/ros/humble /home/moveon2/.local/bin/cmake --install /home/moveon2/workSpace/ros2_ws/build/my_cpp_pkg
