[1.167s] Invoking command in '/home/red/ros2_ws/src/my_robot_controller': PYTHONPATH=/home/red/ros2_ws/build/my_robot_controller/prefix_override:/home/red/ros2_ws/install/my_robot_controller/lib/python3.10/site-packages:${PYTHONPATH} /usr/bin/python3 setup.py egg_info --egg-base ../../build/my_robot_controller build --build-base /home/red/ros2_ws/build/my_robot_controller/build install --record /home/red/ros2_ws/build/my_robot_controller/install.log --single-version-externally-managed
[1.631s] running egg_info
[1.633s] writing ../../build/my_robot_controller/my_robot_controller.egg-info/PKG-INFO
[1.633s] writing dependency_links to ../../build/my_robot_controller/my_robot_controller.egg-info/dependency_links.txt
[1.633s] writing entry points to ../../build/my_robot_controller/my_robot_controller.egg-info/entry_points.txt
[1.633s] writing requirements to ../../build/my_robot_controller/my_robot_controller.egg-info/requires.txt
[1.633s] writing top-level names to ../../build/my_robot_controller/my_robot_controller.egg-info/top_level.txt
[1.637s] reading manifest file '../../build/my_robot_controller/my_robot_controller.egg-info/SOURCES.txt'
[1.640s] writing manifest file '../../build/my_robot_controller/my_robot_controller.egg-info/SOURCES.txt'
[1.640s] running build
[1.640s] running build_py
[1.641s] copying my_robot_controller/my_first_node.py -> /home/red/ros2_ws/build/my_robot_controller/build/lib/my_robot_controller
[1.641s] running install
[1.643s] running install_lib
[1.647s] copying /home/red/ros2_ws/build/my_robot_controller/build/lib/my_robot_controller/my_first_node.py -> /home/red/ros2_ws/install/my_robot_controller/lib/python3.10/site-packages/my_robot_controller
[1.647s] byte-compiling /home/red/ros2_ws/install/my_robot_controller/lib/python3.10/site-packages/my_robot_controller/my_first_node.py to my_first_node.cpython-310.pyc
[1.647s] running install_data
[1.648s] running install_egg_info
[1.651s] removing '/home/red/ros2_ws/install/my_robot_controller/lib/python3.10/site-packages/my_robot_controller-0.0.0-py3.10.egg-info' (and everything under it)
[1.651s] Copying ../../build/my_robot_controller/my_robot_controller.egg-info to /home/red/ros2_ws/install/my_robot_controller/lib/python3.10/site-packages/my_robot_controller-0.0.0-py3.10.egg-info
[1.652s] running install_scripts
[1.685s] Installing test_node script to /home/red/ros2_ws/install/my_robot_controller/lib/my_robot_controller
[1.685s] writing list of installed files to '/home/red/ros2_ws/build/my_robot_controller/install.log'
[1.733s] Invoked command in '/home/red/ros2_ws/src/my_robot_controller' returned '0': PYTHONPATH=/home/red/ros2_ws/build/my_robot_controller/prefix_override:/home/red/ros2_ws/install/my_robot_controller/lib/python3.10/site-packages:${PYTHONPATH} /usr/bin/python3 setup.py egg_info --egg-base ../../build/my_robot_controller build --build-base /home/red/ros2_ws/build/my_robot_controller/build install --record /home/red/ros2_ws/build/my_robot_controller/install.log --single-version-externally-managed
