[0.376s] Invoking command in '/home/moveon2/workSpace/ros2_ws/src/my_py_pkg': PYTHONPATH=/home/moveon2/workSpace/ros2_ws/build/my_py_pkg/prefix_override:/home/moveon2/workSpace/ros2_ws/install/my_py_pkg/lib/python3.10/site-packages:${PYTHONPATH} /usr/bin/python3 setup.py egg_info --egg-base ../../build/my_py_pkg build --build-base /home/moveon2/workSpace/ros2_ws/build/my_py_pkg/build install --record /home/moveon2/workSpace/ros2_ws/build/my_py_pkg/install.log --single-version-externally-managed
[0.511s] running egg_info
[0.511s] creating ../../build/my_py_pkg/my_py_pkg.egg-info
[0.511s] writing ../../build/my_py_pkg/my_py_pkg.egg-info/PKG-INFO
[0.511s] writing dependency_links to ../../build/my_py_pkg/my_py_pkg.egg-info/dependency_links.txt
[0.511s] writing entry points to ../../build/my_py_pkg/my_py_pkg.egg-info/entry_points.txt
[0.511s] writing requirements to ../../build/my_py_pkg/my_py_pkg.egg-info/requires.txt
[0.511s] writing top-level names to ../../build/my_py_pkg/my_py_pkg.egg-info/top_level.txt
[0.511s] writing manifest file '../../build/my_py_pkg/my_py_pkg.egg-info/SOURCES.txt'
[0.512s] reading manifest file '../../build/my_py_pkg/my_py_pkg.egg-info/SOURCES.txt'
[0.512s] writing manifest file '../../build/my_py_pkg/my_py_pkg.egg-info/SOURCES.txt'
[0.513s] running build
[0.513s] running build_py
[0.513s] creating /home/moveon2/workSpace/ros2_ws/build/my_py_pkg/build
[0.513s] creating /home/moveon2/workSpace/ros2_ws/build/my_py_pkg/build/lib
[0.513s] creating /home/moveon2/workSpace/ros2_ws/build/my_py_pkg/build/lib/my_py_pkg
[0.513s] copying my_py_pkg/__init__.py -> /home/moveon2/workSpace/ros2_ws/build/my_py_pkg/build/lib/my_py_pkg
[0.513s] running install
[0.519s] /usr/lib/python3/dist-packages/setuptools/command/install.py:34: SetuptoolsDeprecationWarning: setup.py install is deprecated. Use build and pip and other standards-based tools.
[0.519s]   warnings.warn(
[0.519s] running install_lib
[0.519s] creating /home/moveon2/workSpace/ros2_ws/install/my_py_pkg/lib/python3.10/site-packages/my_py_pkg
[0.519s] copying /home/moveon2/workSpace/ros2_ws/build/my_py_pkg/build/lib/my_py_pkg/__init__.py -> /home/moveon2/workSpace/ros2_ws/install/my_py_pkg/lib/python3.10/site-packages/my_py_pkg
[0.519s] byte-compiling /home/moveon2/workSpace/ros2_ws/install/my_py_pkg/lib/python3.10/site-packages/my_py_pkg/__init__.py to __init__.cpython-310.pyc
[0.519s] running install_data
[0.520s] creating /home/moveon2/workSpace/ros2_ws/install/my_py_pkg/share/ament_index
[0.520s] creating /home/moveon2/workSpace/ros2_ws/install/my_py_pkg/share/ament_index/resource_index
[0.520s] creating /home/moveon2/workSpace/ros2_ws/install/my_py_pkg/share/ament_index/resource_index/packages
[0.520s] copying resource/my_py_pkg -> /home/moveon2/workSpace/ros2_ws/install/my_py_pkg/share/ament_index/resource_index/packages
[0.520s] copying package.xml -> /home/moveon2/workSpace/ros2_ws/install/my_py_pkg/share/my_py_pkg
[0.520s] running install_egg_info
[0.521s] Copying ../../build/my_py_pkg/my_py_pkg.egg-info to /home/moveon2/workSpace/ros2_ws/install/my_py_pkg/lib/python3.10/site-packages/my_py_pkg-0.0.0-py3.10.egg-info
[0.521s] running install_scripts
[0.533s] writing list of installed files to '/home/moveon2/workSpace/ros2_ws/build/my_py_pkg/install.log'
[0.547s] Invoked command in '/home/moveon2/workSpace/ros2_ws/src/my_py_pkg' returned '0': PYTHONPATH=/home/moveon2/workSpace/ros2_ws/build/my_py_pkg/prefix_override:/home/moveon2/workSpace/ros2_ws/install/my_py_pkg/lib/python3.10/site-packages:${PYTHONPATH} /usr/bin/python3 setup.py egg_info --egg-base ../../build/my_py_pkg build --build-base /home/moveon2/workSpace/ros2_ws/build/my_py_pkg/build install --record /home/moveon2/workSpace/ros2_ws/build/my_py_pkg/install.log --single-version-externally-managed
